<?xml version="1.0" encoding="UTF-8"?>
<!-- Generated by org.testng.reporters.JUnitReportReporter -->
<testsuite skipped="0" hostname="DESKTOP-NTHP5B3" name="com.app.crossTesting.CrossBrowserTesting" tests="2" failures="0" timestamp="2023-01-29T12:30:22 IST" time="22.145" errors="0">
  <testcase name="init3" time="14.695" classname="com.app.crossTesting.CrossBrowserTesting"/>
  <system-out/>
  <testcase name="init1" time="7.450" classname="com.app.crossTesting.CrossBrowserTesting"/>
  <system-out/>
</testsuite> <!-- com.app.crossTesting.CrossBrowserTesting -->
